<?xml version="1.0" encoding="UTF-8"?>
<testsuite name="TestSuite" time="0.008" tests="1" errors="0" skipped="0" failures="0">
  <properties>
    <property name="PROCESSOR_ARCHITECTURE" value="AMD64"/>
    <property name="file.encoding.pkg" value="sun.io"/>
    <property name="LOGONSERVER" value="\\IBM420-LR1GMRY"/>
    <property name="ProgramData" value="C:\ProgramData"/>
    <property name="java.home" value="C:\ibm-java-sdk-70-win-x86_64\sdk\jre"/>
    <property name="NODE_NAME" value="master"/>
    <property name="JENKINS_URL" value="http://localhost:8080/"/>
    <property name="ALLUSERSPROFILE" value="C:\ProgramData"/>
    <property name="java.endorsed.dirs" value="C:\ibm-java-sdk-70-win-x86_64\sdk\jre\lib\endorsed"/>
    <property name="TSMPATH" value="C:\Program Files\ThinkPad\UltraNav Utility"/>
    <property name="java.fullversion" value="JRE 1.7.0 IBM J9 2.6 Windows 7 amd64-64 20110810_88604 (JIT enabled, AOT enabled)&#10;J9VM - R26_Java726_GA_20110810_1208_B88592&#10;JIT  - r11_20110810_20466&#10;GC   - R26_Java726_GA_20110810_1208_B88592&#10;J9CL - 20110810_88604"/>
    <property name="PSModulePath" value="C:\windows\system32\WindowsPowerShell\v1.0\Modules\"/>
    <property name="=::" value="::\"/>
    <property name="USERDOMAIN" value="IBM420-LR1GMRY"/>
    <property name="java.vendor.url" value="http://www.ibm.com/"/>
    <property name="CommonProgramFiles(x86)" value="C:\Program Files (x86)\Common Files"/>
    <property name="java.version" value="1.7.0"/>
    <property name="JOB_NAME" value="FirstTest"/>
    <property name="COMPUTERNAME" value="IBM420-LR1GMRY"/>
    <property name="com.ibm.oti.shared.enabled" value="false"/>
    <property name="PUBLIC" value="C:\Users\Public"/>
    <property name="com.ibm.oti.vm.library.version" value="26"/>
    <property name="os.encoding" value="UTF8"/>
    <property name="user.name" value="Rakesh"/>
    <property name="sun.io.unicode.encoding" value="UnicodeLittle"/>
    <property name="sun.jnu.encoding" value="Cp1252"/>
    <property name="java.runtime.name" value="Java(TM) SE Runtime Environment"/>
    <property name="windir" value="C:\windows"/>
    <property name="com.ibm.jcl.checkClassPath" value=""/>
    <property name="PROCESSOR_IDENTIFIER" value="Intel64 Family 6 Model 42 Stepping 7, GenuineIntel"/>
    <property name="ibm.system.encoding" value="Cp1252"/>
    <property name="java.specification.name" value="Java Platform API Specification"/>
    <property name="LOCALAPPDATA" value="C:\Users\IBM_ADMIN\AppData\Local"/>
    <property name="user.timezone" value="Asia/Calcutta"/>
    <property name="path.separator" value=";"/>
    <property name="NUMBER_OF_PROCESSORS" value="4"/>
    <property name="BUILD_TAG" value="jenkins-FirstTest-4"/>
    <property name="com.ibm.oti.jcl.build" value="20110810_88604"/>
    <property name="file.encoding" value="Cp1252"/>
    <property name="com.ibm.oti.configuration" value="scar"/>
    <property name="sun.java.command" value="jenkins.maven3.agent.Maven31Main C:\apache-maven-3.3.9 C:\Users\IBM_ADMIN\.jenkins\war\WEB-INF\lib\remoting-2.60.jar C:\Users\IBM_ADMIN\.jenkins\plugins\maven-plugin\WEB-INF\lib\maven31-interceptor-1.5.jar C:\Users\IBM_ADMIN\.jenkins\plugins\maven-plugin\WEB-INF\lib\maven3-interceptor-commons-1.5.jar 51881"/>
    <property name="HUDSON_URL" value="http://localhost:8080/"/>
    <property name="JENKINS_SERVER_COOKIE" value="f33db827b253b37c"/>
    <property name="EXECUTOR_NUMBER" value="1"/>
    <property name="Path" value="C:\ibm-java-sdk-70-win-x86_64\sdk/bin;C:\windows\system32;C:\windows;C:\windows\System32\Wbem;C:\windows\System32\WindowsPowerShell\v1.0\;C:\Program Files\ThinkPad\Bluetooth Software\;C:\Program Files\ThinkPad\Bluetooth Software\syswow64;C:\Program Files (x86)\IBM\Personal Communications\;C:\Program Files (x86)\IBM\Trace Facility\;C:\Program Files (x86)\IBM\Mobility Client\;C:\Program Files (x86)\IBM\sdk\bin;C:\apache-maven-3.3.9\bin;"/>
    <property name="java.io.tmpdir" value="C:\Users\IBM_AD~1\AppData\Local\Temp\"/>
    <property name="APPDATA" value="C:\Users\IBM_ADMIN\AppData\Roaming"/>
    <property name="user.language" value="en"/>
    <property name="line.separator" value="&#10;"/>
    <property name="BUILD_URL" value="http://localhost:8080/job/FirstTest/4/"/>
    <property name="M2_HOME" value="C:\apache-maven-3.3.9"/>
    <property name="=C:" value="C:\"/>
    <property name="jxe.lowest.romimage.version" value="17"/>
    <property name="java.vm.info" value="JRE 1.7.0 Windows 7 amd64-64 20110810_88604 (JIT enabled, AOT enabled)&#10;J9VM - R26_Java726_GA_20110810_1208_B88592&#10;JIT  - r11_20110810_20466&#10;GC   - R26_Java726_GA_20110810_1208_B88592&#10;J9CL - 20110810_88604"/>
    <property name="sun.desktop" value="windows"/>
    <property name="java.vm.specification.name" value="Java Virtual Machine Specification"/>
    <property name="BUILD_DISPLAY_NAME" value="#4"/>
    <property name="OS" value="Windows_NT"/>
    <property name="guice.disable.misplaced.annotation.check" value="true"/>
    <property name="HUDSON_SERVER_COOKIE" value="f33db827b253b37c"/>
    <property name="com.ibm.cpu.endian" value="little"/>
    <property name="MAVEN_HOME" value="C:\apache-maven-3.3.9"/>
    <property name="SESSIONNAME" value="Console"/>
    <property name="PATHEXT" value=".COM;.EXE;.BAT;.CMD;.VBS;.VBE;.JS;.JSE;.WSF;.WSH;.MSC"/>
    <property name="java.awt.printerjob" value="sun.awt.windows.WPrinterJob"/>
    <property name="maven3.interceptor.common" value="C:\Users\IBM_ADMIN\.jenkins\plugins\maven-plugin\WEB-INF\lib\maven3-interceptor-commons-1.5.jar"/>
    <property name="CLASSPATH" value=""/>
    <property name="com.ibm.util.extralibs.properties" value=""/>
    <property name="HOMEPATH" value="\Users\IBM_ADMIN"/>
    <property name="os.name" value="Windows 7"/>
    <property name="java.specification.vendor" value="Sun Microsystems Inc."/>
    <property name="FP_NO_HOST_CHECK" value="NO"/>
    <property name="jxe.current.romimage.version" value="17"/>
    <property name="java.vm.name" value="IBM J9 VM"/>
    <property name="BUILD_NUMBER" value="4"/>
    <property name="maven3.interceptor" value="C:\Users\IBM_ADMIN\.jenkins\plugins\maven-plugin\WEB-INF\lib\maven31-interceptor-1.5.jar"/>
    <property name="java.library.path" value="C:\ibm-java-sdk-70-win-x86_64\sdk\jre\bin\default;C:\ibm-java-sdk-70-win-x86_64\sdk\jre\bin;C:\windows\system32;C:\windows;C:\apache-maven-3.3.9/bin;C:\ibm-java-sdk-70-win-x86_64\sdk/bin;C:\ibm-java-sdk-70-win-x86_64\sdk/bin;C:\windows\system32;C:\windows;C:\windows\System32\Wbem;C:\windows\System32\WindowsPowerShell\v1.0\;C:\Program Files\ThinkPad\Bluetooth Software\;C:\Program Files\ThinkPad\Bluetooth Software\syswow64;C:\Program Files (x86)\IBM\Personal Communications\;C:\Program Files (x86)\IBM\Trace Facility\;C:\Program Files (x86)\IBM\Mobility Client\;C:\Program Files (x86)\IBM\sdk\bin;C:\apache-maven-3.3.9\bin;;."/>
    <property name="HOMEDRIVE" value="C:"/>
    <property name="POM_GROUPID" value="com.test.maven"/>
    <property name="POM_ARTIFACTID" value="sample-maven-build"/>
    <property name="java.class.version" value="51.0"/>
    <property name="JOB_URL" value="http://localhost:8080/job/FirstTest/"/>
    <property name="java.compiler" value="j9jit26"/>
    <property name="console.encoding" value="Cp437"/>
    <property name="JENKINS_HOME" value="C:\Users\IBM_ADMIN\.jenkins"/>
    <property name="IBM_JAVA_COMMAND_LINE" value="java -jar jenkins.war"/>
    <property name="BUILD_ID" value="4"/>
    <property name="TEMP" value="C:\Users\IBM_AD~1\AppData\Local\Temp"/>
    <property name="sun.boot.library.path" value="C:\ibm-java-sdk-70-win-x86_64\sdk\jre\bin\default;C:\ibm-java-sdk-70-win-x86_64\sdk\jre\bin"/>
    <property name="java.awt.graphicsenv" value="sun.awt.Win32GraphicsEnvironment"/>
    <property name="user.variant" value=""/>
    <property name="PROCESSOR_REVISION" value="2a07"/>
    <property name="POM_VERSION" value="1"/>
    <property name="HUDSON_HOME" value="C:\Users\IBM_ADMIN\.jenkins"/>
    <property name="ProgramFiles(x86)" value="C:\Program Files (x86)"/>
    <property name="PATH+MAVEN" value="C:\apache-maven-3.3.9/bin"/>
    <property name="PROMPT" value="$P$G"/>
    <property name="java.vm.specification.version" value="1.0"/>
    <property name="JAVA_HOME" value="C:\ibm-java-sdk-70-win-x86_64\sdk"/>
    <property name="awt.toolkit" value="sun.awt.windows.WToolkit"/>
    <property name="NODE_LABELS" value="master"/>
    <property name="USERPROFILE" value="C:\Users\IBM_ADMIN"/>
    <property name="java.ext.dirs" value="C:\ibm-java-sdk-70-win-x86_64\sdk\jre\lib\ext"/>
    <property name="os.version" value="6.1"/>
    <property name="user.home" value="C:\Users\IBM_ADMIN"/>
    <property name="USERNAME" value="Rakesh"/>
    <property name="java.vm.vendor" value="IBM Corporation"/>
    <property name="PROCESSOR_LEVEL" value="6"/>
    <property name="CommonProgramW6432" value="C:\Program Files\Common Files"/>
    <property name="COMMPath" value="C:\Program Files\Lenovo\Communications Utility"/>
    <property name="user.dir" value="C:\Users\IBM_ADMIN\workspace_DACH\selnium"/>
    <property name="ProgramW6432" value="C:\Program Files"/>
    <property name="TMP" value="C:\Users\IBM_AD~1\AppData\Local\Temp"/>
    <property name="com.ibm.vm.bitmode" value="64"/>
    <property name="sun.cpu.endian" value="little"/>
    <property name="PCOMM_Root" value="C:\Program Files (x86)\IBM\Personal Communications\"/>
    <property name="SystemDrive" value="C:"/>
    <property name="java.vm.version" value="2.6"/>
    <property name="java.class.path" value="C:\Users\IBM_ADMIN\.jenkins\plugins\maven-plugin\WEB-INF\lib\maven31-agent-1.5.jar;C:\apache-maven-3.3.9\boot\plexus-classworlds-2.5.2.jar;C:\apache-maven-3.3.9/conf/logging"/>
    <property name="org.slf4j.simpleLogger.defaultLogLevel" value="info"/>
    <property name="os.arch" value="amd64"/>
    <property name="WORKSPACE" value="C:\Users\IBM_ADMIN\workspace_DACH\selnium"/>
    <property name="ComSpec" value="C:\windows\system32\cmd.exe"/>
    <property name="sun.java.launcher" value="SUN_STANDARD"/>
    <property name="SystemRoot" value="C:\windows"/>
    <property name="CommonProgramFiles" value="C:\Program Files\Common Files"/>
    <property name="java.vm.specification.vendor" value="Sun Microsystems Inc."/>
    <property name="com.ibm.system.agent.path" value="C:\ibm-java-sdk-70-win-x86_64\sdk\jre\bin"/>
    <property name="file.separator" value="\"/>
    <property name="java.runtime.version" value="20110810_88604"/>
    <property name="ibm.signalhandling.sigint" value="true"/>
    <property name="ProgramFiles" value="C:\Program Files"/>
    <property name="sun.boot.class.path" value="C:\ibm-java-sdk-70-win-x86_64\sdk\jre\bin\default\jclSC170\vm.jar;C:\ibm-java-sdk-70-win-x86_64\sdk\jre\lib\se-service.jar;C:\ibm-java-sdk-70-win-x86_64\sdk\jre\lib\math.jar;C:\ibm-java-sdk-70-win-x86_64\sdk\jre\lib\jlm.jar;C:\ibm-java-sdk-70-win-x86_64\sdk\jre\lib\ibmorb.jar;C:\ibm-java-sdk-70-win-x86_64\sdk\jre\lib\ibmorbapi.jar;C:\ibm-java-sdk-70-win-x86_64\sdk\jre\lib\ibmcfw.jar;C:\ibm-java-sdk-70-win-x86_64\sdk\jre\lib\ibmpkcs.jar;C:\ibm-java-sdk-70-win-x86_64\sdk\jre\lib\ibmcertpathfw.jar;C:\ibm-java-sdk-70-win-x86_64\sdk\jre\lib\ibmjgssfw.jar;C:\ibm-java-sdk-70-win-x86_64\sdk\jre\lib\ibmjssefw.jar;C:\ibm-java-sdk-70-win-x86_64\sdk\jre\lib\ibmsaslfw.jar;C:\ibm-java-sdk-70-win-x86_64\sdk\jre\lib\ibmjcefw.jar;C:\ibm-java-sdk-70-win-x86_64\sdk\jre\lib\ibmjgssprovider.jar;C:\ibm-java-sdk-70-win-x86_64\sdk\jre\lib\ibmjsseprovider2.jar;C:\ibm-java-sdk-70-win-x86_64\sdk\jre\lib\ibmcertpathprovider.jar;C:\ibm-java-sdk-70-win-x86_64\sdk\jre\lib\ibmxmlcrypto.jar;C:\ibm-java-sdk-70-win-x86_64\sdk\jre\lib\xmldsigfw.jar;C:\ibm-java-sdk-70-win-x86_64\sdk\jre\lib\xml.jar;C:\ibm-java-sdk-70-win-x86_64\sdk\jre\lib\charsets.jar;C:\ibm-java-sdk-70-win-x86_64\sdk\jre\lib\resources.jar;C:\ibm-java-sdk-70-win-x86_64\sdk\jre\lib\rt.jar;C:\ibm-java-sdk-70-win-x86_64\sdk\jre\lib\RACF.jar"/>
    <property name="ibm.signalhandling.rs" value="false"/>
    <property name="PATH+JDK" value="C:\ibm-java-sdk-70-win-x86_64\sdk/bin"/>
    <property name="user.country" value="US"/>
    <property name="POM_PACKAGING" value="jar"/>
    <property name="maven.home" value="C:\apache-maven-3.3.9"/>
    <property name="JOB_BASE_NAME" value="FirstTest"/>
    <property name="com.ibm.zero.version" value="2"/>
    <property name="com.ibm.oti.vm.bootstrap.library.path" value="C:\ibm-java-sdk-70-win-x86_64\sdk\jre\bin\default;C:\ibm-java-sdk-70-win-x86_64\sdk\jre\bin"/>
    <property name="ibm.signalhandling.sigchain" value="true"/>
    <property name="java.vendor" value="IBM Corporation"/>
    <property name="POM_DISPLAYNAME" value="sample-maven-build"/>
    <property name="java.specification.version" value="1.7"/>
    <property name="sun.arch.data.model" value="64"/>
  </properties>
  <testcase name="testingmethod" classname="selnium.TestSelenim" time="0.008"/>
</testsuite>