<?xml version="1.0" encoding="UTF-8"?>
<!-- Generated by org.testng.reporters.JUnitReportReporter -->
<testsuite hostname="IBM420-LR1GMRY" name="selnium.TestSelenim" tests="1" failures="0" timestamp="17 Aug 2016 14:41:51 GMT" time="0.011" errors="0">
  <testcase name="testingmethod" time="0.011" classname="selnium.TestSelenim"/>
</testsuite> <!-- selnium.TestSelenim -->
