<?xml version="1.0" encoding="UTF-8"?>
<!-- Generated by org.testng.reporters.JUnitReportReporter -->
<testsuite hostname="IBM420-LR1GMRY" name="selnium.TestSelenim" tests="1" failures="0" timestamp="24 Aug 2016 09:21:27 GMT" time="0.008" errors="0">
  <testcase name="testingmethod" time="0.008" classname="selnium.TestSelenim"/>
</testsuite>
